<?xml version="1.0" encoding="UTF-8"?>
<coverage generated="1760643887654" clover="3.2.0">
  <project timestamp="1760643887654" name="All files">
    <metrics statements="6" coveredstatements="6" conditionals="5" coveredconditionals="5" methods="1" coveredmethods="1" elements="12" coveredelements="12" complexity="0" loc="6" ncloc="6" packages="1" files="1" classes="1"/>
    <file name="ejercicio_1_evelin_jami.js" path="/home/usuario/05Semana/Tareas/02/ejercicio_1_evelin_jami.js">
      <metrics statements="6" coveredstatements="6" conditionals="5" coveredconditionals="5" methods="1" coveredmethods="1"/>
      <line num="2" count="27" type="stmt"/>
      <line num="4" count="27" type="cond" truecount="5" falsecount="0"/>
      <line num="5" count="16" type="stmt"/>
      <line num="7" count="11" type="stmt"/>
      <line num="9" count="27" type="stmt"/>
      <line num="12" count="1" type="stmt"/>
    </file>
  </project>
</coverage>
