{"/home/usuario/05Semana/Tareas/02/ejercicio_1_evelin_jami.js": {"path":"/home/usuario/05Semana/Tareas/02/ejercicio_1_evelin_jami.js","statementMap":{"0":{"start":{"line":2,"column":2},"end":{"line":2,"column":34}},"1":{"start":{"line":4,"column":2},"end":{"line":8,"column":3}},"2":{"start":{"line":5,"column":4},"end":{"line":5,"column":18}},"3":{"start":{"line":7,"column":4},"end":{"line":7,"column":19}},"4":{"start":{"line":9,"column":2},"end":{"line":9,"column":16}},"5":{"start":{"line":12,"column":0},"end":{"line":12,"column":32}}},"fnMap":{"0":{"name":"isLeapYear","decl":{"start":{"line":1,"column":9},"end":{"line":1,"column":19}},"loc":{"start":{"line":1,"column":31},"end":{"line":10,"column":1}},"line":1}},"branchMap":{"0":{"loc":{"start":{"line":4,"column":2},"end":{"line":8,"column":3}},"type":"if","locations":[{"start":{"line":4,"column":2},"end":{"line":8,"column":3}},{"start":{"line":6,"column":9},"end":{"line":8,"column":3}}],"line":4},"1":{"loc":{"start":{"line":4,"column":6},"end":{"line":4,"column":77}},"type":"binary-expr","locations":[{"start":{"line":4,"column":6},"end":{"line":4,"column":25}},{"start":{"line":4,"column":30},"end":{"line":4,"column":51}},{"start":{"line":4,"column":55},"end":{"line":4,"column":76}}],"line":4}},"s":{"0":27,"1":27,"2":16,"3":11,"4":27,"5":1},"f":{"0":27},"b":{"0":[16,11],"1":[27,25,17]},"_coverageSchema":"1a1c01bbd47fc00a2c39e90264f33305004495a9","hash":"73c288035de0964d867502c2e4e149ef10c919ac"}
}
